[2024-10-28 08:19:24] Error in update_lead_stage.php: SQLSTATE[42S22]: Column not found: 1054 Unknown column 'previous_stage_id' in 'field list' in /hosting/www/evolagency.com/html/php/update_lead_stage.php on line 50
[2024-10-30 17:58:54] Error in add_lead.php: SQLSTATE[23000]: Integrity constraint violation: 1048 Column 'name' cannot be null in /hosting/www/evolagency.com/html/php/add_lead.php on line 28
[2024-10-30 17:59:57] Error in update_lead_stage.php: SQLSTATE[42S22]: Column not found: 1054 Unknown column 'action_type' in 'field list' in /hosting/www/evolagency.com/html/php/update_lead_stage.php on line 103
[2024-10-30 18:01:34] Error in update_lead_stage.php: SQLSTATE[42S22]: Column not found: 1054 Unknown column 'created_by' in 'field list' in /hosting/www/evolagency.com/html/php/update_lead_stage.php on line 139
[2024-10-30 18:01:37] Error in update_lead_stage.php: SQLSTATE[42S22]: Column not found: 1054 Unknown column 'created_by' in 'field list' in /hosting/www/evolagency.com/html/php/update_lead_stage.php on line 139
[2024-10-30 18:01:41] Error in update_lead_stage.php: SQLSTATE[42S22]: Column not found: 1054 Unknown column 'created_by' in 'field list' in /hosting/www/evolagency.com/html/php/update_lead_stage.php on line 139
[2024-10-30 18:29:54] Error in add_lead.php: SQLSTATE[23000]: Integrity constraint violation: 1048 Column 'name' cannot be null in /hosting/www/evolagency.com/html/php/add_lead.php on line 28
[2024-10-30 18:29:57] Error in add_lead.php: SQLSTATE[23000]: Integrity constraint violation: 1048 Column 'name' cannot be null in /hosting/www/evolagency.com/html/php/add_lead.php on line 28
[2024-10-30 18:30:01] Error in add_lead.php: SQLSTATE[23000]: Integrity constraint violation: 1048 Column 'name' cannot be null in /hosting/www/evolagency.com/html/php/add_lead.php on line 28
[2024-11-07 08:21:43] Error in update_lead_stage.php: Lead not found or access denied in /hosting/www/evolagency.com/html/php/update_lead_stage.php on line 125
[2025-01-14 09:57:58] Error in get_due_recontacts.php: SQLSTATE[42S22]: Column not found: 1054 Unknown column 'l.recontact_date' in 'field list'
[2025-01-14 09:58:58] Error in get_due_recontacts.php: SQLSTATE[42S22]: Column not found: 1054 Unknown column 'l.recontact_date' in 'field list'
[2025-01-14 10:13:59] Error in get_due_recontacts.php: SQLSTATE[42S22]: Column not found: 1054 Unknown column 'l.recontact_date' in 'field list'
[2025-01-14 10:17:38] Error in get_due_recontacts.php: SQLSTATE[42S22]: Column not found: 1054 Unknown column 'l.recontact_date' in 'field list'
[2025-01-14 10:30:53] Error in get_due_recontacts.php: SQLSTATE[42S22]: Column not found: 1054 Unknown column 'l.recontact_date' in 'field list'
[2025-01-14 10:31:52] Error in get_due_recontacts.php: SQLSTATE[42S22]: Column not found: 1054 Unknown column 'l.recontact_date' in 'field list'
[2025-01-14 10:32:52] Error in get_due_recontacts.php: SQLSTATE[42S22]: Column not found: 1054 Unknown column 'l.recontact_date' in 'field list'
[2025-01-14 10:33:52] Error in get_due_recontacts.php: SQLSTATE[42S22]: Column not found: 1054 Unknown column 'l.recontact_date' in 'field list'
[2025-01-14 10:34:52] Error in get_due_recontacts.php: SQLSTATE[42S22]: Column not found: 1054 Unknown column 'l.recontact_date' in 'field list'
[2025-01-14 10:35:53] Error in get_due_recontacts.php: SQLSTATE[42S22]: Column not found: 1054 Unknown column 'l.recontact_date' in 'field list'
[2025-01-14 10:38:53] Error in get_due_recontacts.php: SQLSTATE[42S22]: Column not found: 1054 Unknown column 'l.recontact_date' in 'field list'
[2025-01-14 10:39:52] Error in get_due_recontacts.php: SQLSTATE[42S22]: Column not found: 1054 Unknown column 'l.recontact_date' in 'field list'
[2025-01-14 10:40:53] Error in get_due_recontacts.php: SQLSTATE[42S22]: Column not found: 1054 Unknown column 'l.recontact_date' in 'field list'
[2025-01-14 10:40:59] Error in get_due_recontacts.php: SQLSTATE[42S22]: Column not found: 1054 Unknown column 'l.recontact_date' in 'field list'
[2025-01-14 10:41:54] Error in get_due_recontacts.php: SQLSTATE[42S22]: Column not found: 1054 Unknown column 'l.recontact_date' in 'field list'
[2025-01-14 10:41:59] Error in get_due_recontacts.php: SQLSTATE[42S22]: Column not found: 1054 Unknown column 'l.recontact_date' in 'field list'
[2025-01-14 10:43:06] Error in get_due_recontacts.php: SQLSTATE[42S22]: Column not found: 1054 Unknown column 'l.recontact_date' in 'field list'
[2025-01-14 10:43:54] Error in get_due_recontacts.php: SQLSTATE[42S22]: Column not found: 1054 Unknown column 'l.recontact_date' in 'field list'
[2025-01-14 10:44:07] Error in get_due_recontacts.php: SQLSTATE[42S22]: Column not found: 1054 Unknown column 'l.recontact_date' in 'field list'
[2025-01-14 10:44:54] Error in get_due_recontacts.php: SQLSTATE[42S22]: Column not found: 1054 Unknown column 'l.recontact_date' in 'field list'
[2025-01-14 10:47:59] Error in get_due_recontacts.php: SQLSTATE[42S22]: Column not found: 1054 Unknown column 'l.recontact_date' in 'field list'
[2025-01-14 10:48:59] Error in get_due_recontacts.php: SQLSTATE[42S22]: Column not found: 1054 Unknown column 'l.recontact_date' in 'field list'
[2025-01-14 10:49:59] Error in get_due_recontacts.php: SQLSTATE[42S22]: Column not found: 1054 Unknown column 'l.recontact_date' in 'field list'
[2025-01-14 10:51:44] Error in get_due_recontacts.php: SQLSTATE[42S22]: Column not found: 1054 Unknown column 'l.recontact_date' in 'field list'
[2025-01-14 10:52:44] Error in get_due_recontacts.php: SQLSTATE[42S22]: Column not found: 1054 Unknown column 'l.recontact_date' in 'field list'
[2025-01-14 11:02:43] Error in get_due_recontacts.php: SQLSTATE[42S22]: Column not found: 1054 Unknown column 'l.recontact_date' in 'field list'
[2025-01-14 11:03:43] Error in get_due_recontacts.php: SQLSTATE[42S22]: Column not found: 1054 Unknown column 'l.recontact_date' in 'field list'
[2025-01-14 11:04:44] Error in get_due_recontacts.php: SQLSTATE[42S22]: Column not found: 1054 Unknown column 'l.recontact_date' in 'field list'
[2025-01-14 11:05:45] Error in get_due_recontacts.php: SQLSTATE[42S22]: Column not found: 1054 Unknown column 'l.recontact_date' in 'field list'
[2025-01-14 11:07:10] Error in get_due_recontacts.php: SQLSTATE[42S22]: Column not found: 1054 Unknown column 'l.recontact_date' in 'field list'
[2025-01-14 11:08:11] Error in get_due_recontacts.php: SQLSTATE[42S22]: Column not found: 1054 Unknown column 'l.recontact_date' in 'field list'
[2025-01-14 11:09:11] Error in get_due_recontacts.php: SQLSTATE[42S22]: Column not found: 1054 Unknown column 'l.recontact_date' in 'field list'
[2025-01-14 11:09:34] Error in get_due_recontacts.php: SQLSTATE[42S22]: Column not found: 1054 Unknown column 'l.recontact_date' in 'field list'
[2025-01-14 11:10:11] Error in get_due_recontacts.php: SQLSTATE[42S22]: Column not found: 1054 Unknown column 'l.recontact_date' in 'field list'
[2025-01-14 11:11:11] Error in get_due_recontacts.php: SQLSTATE[42S22]: Column not found: 1054 Unknown column 'l.recontact_date' in 'field list'
[2025-01-14 11:12:12] Error in get_due_recontacts.php: SQLSTATE[42S22]: Column not found: 1054 Unknown column 'l.recontact_date' in 'field list'
[2025-01-14 11:13:13] Error in get_due_recontacts.php: SQLSTATE[42S22]: Column not found: 1054 Unknown column 'l.recontact_date' in 'field list'
[2025-01-14 11:14:14] Error in get_due_recontacts.php: SQLSTATE[42S22]: Column not found: 1054 Unknown column 'l.recontact_date' in 'field list'
[2025-01-14 11:15:15] Error in get_due_recontacts.php: SQLSTATE[42S22]: Column not found: 1054 Unknown column 'l.recontact_date' in 'field list'
[2025-01-14 11:16:16] Error in get_due_recontacts.php: SQLSTATE[42S22]: Column not found: 1054 Unknown column 'l.recontact_date' in 'field list'
[2025-01-14 11:17:17] Error in get_due_recontacts.php: SQLSTATE[42S22]: Column not found: 1054 Unknown column 'l.recontact_date' in 'field list'
[2025-01-14 11:22:44] Error in get_due_recontacts.php: SQLSTATE[42S22]: Column not found: 1054 Unknown column 'l.recontact_date' in 'field list'
[2025-01-14 11:23:45] Error in get_due_recontacts.php: SQLSTATE[42S22]: Column not found: 1054 Unknown column 'l.recontact_date' in 'field list'
[2025-01-14 11:24:45] Error in get_due_recontacts.php: SQLSTATE[42S22]: Column not found: 1054 Unknown column 'l.recontact_date' in 'field list'
[2025-01-14 11:25:45] Error in get_due_recontacts.php: SQLSTATE[42S22]: Column not found: 1054 Unknown column 'l.recontact_date' in 'field list'
[2025-01-14 11:26:45] Error in get_due_recontacts.php: SQLSTATE[42S22]: Column not found: 1054 Unknown column 'l.recontact_date' in 'field list'
[2025-01-14 11:28:20] Error in get_due_recontacts.php: SQLSTATE[42S22]: Column not found: 1054 Unknown column 'l.recontact_date' in 'field list'
[2025-01-14 11:29:20] Error in get_due_recontacts.php: SQLSTATE[42S22]: Column not found: 1054 Unknown column 'l.recontact_date' in 'field list'
[2025-01-14 11:37:37] Error in get_due_recontacts.php: SQLSTATE[42S22]: Column not found: 1054 Unknown column 'l.recontact_date' in 'field list'
[2025-01-14 12:01:47] Error in get_due_recontacts.php: SQLSTATE[42S22]: Column not found: 1054 Unknown column 'l.recontact_date' in 'field list'
[2025-01-14 12:24:50] Error in get_due_recontacts.php: SQLSTATE[42S22]: Column not found: 1054 Unknown column 'l.recontact_date' in 'field list'
[2025-01-14 12:25:51] Error in get_due_recontacts.php: SQLSTATE[42S22]: Column not found: 1054 Unknown column 'l.recontact_date' in 'field list'
[2025-01-14 12:26:52] Error in get_due_recontacts.php: SQLSTATE[42S22]: Column not found: 1054 Unknown column 'l.recontact_date' in 'field list'
[2025-01-14 12:27:53] Error in get_due_recontacts.php: SQLSTATE[42S22]: Column not found: 1054 Unknown column 'l.recontact_date' in 'field list'
[2025-01-14 12:28:54] Error in get_due_recontacts.php: SQLSTATE[42S22]: Column not found: 1054 Unknown column 'l.recontact_date' in 'field list'
[2025-01-14 12:29:55] Error in get_due_recontacts.php: SQLSTATE[42S22]: Column not found: 1054 Unknown column 'l.recontact_date' in 'field list'
[2025-01-14 12:30:56] Error in get_due_recontacts.php: SQLSTATE[42S22]: Column not found: 1054 Unknown column 'l.recontact_date' in 'field list'
[2025-01-14 12:31:57] Error in get_due_recontacts.php: SQLSTATE[42S22]: Column not found: 1054 Unknown column 'l.recontact_date' in 'field list'
[2025-01-14 12:32:57] Error in get_due_recontacts.php: SQLSTATE[42S22]: Column not found: 1054 Unknown column 'l.recontact_date' in 'field list'
[2025-01-14 12:33:49] Error in get_due_recontacts.php: SQLSTATE[42S22]: Column not found: 1054 Unknown column 'l.recontact_date' in 'field list'
[2025-01-14 12:34:50] Error in get_due_recontacts.php: SQLSTATE[42S22]: Column not found: 1054 Unknown column 'l.recontact_date' in 'field list'
[2025-01-14 12:35:51] Error in get_due_recontacts.php: SQLSTATE[42S22]: Column not found: 1054 Unknown column 'l.recontact_date' in 'field list'
[2025-01-14 12:36:52] Error in get_due_recontacts.php: SQLSTATE[42S22]: Column not found: 1054 Unknown column 'l.recontact_date' in 'field list'
[2025-01-14 12:37:53] Error in get_due_recontacts.php: SQLSTATE[42S22]: Column not found: 1054 Unknown column 'l.recontact_date' in 'field list'
[2025-01-14 12:38:54] Error in get_due_recontacts.php: SQLSTATE[42S22]: Column not found: 1054 Unknown column 'l.recontact_date' in 'field list'
[2025-01-14 12:40:58] Error in get_due_recontacts.php: SQLSTATE[42S22]: Column not found: 1054 Unknown column 'l.recontact_date' in 'field list'
[2025-01-14 12:41:59] Error in get_due_recontacts.php: SQLSTATE[42S22]: Column not found: 1054 Unknown column 'l.recontact_date' in 'field list'
[2025-01-14 12:43:31] Error in get_due_recontacts.php: SQLSTATE[42S22]: Column not found: 1054 Unknown column 'l.recontact_date' in 'field list'
[2025-01-14 12:44:31] Error in get_due_recontacts.php: SQLSTATE[42S22]: Column not found: 1054 Unknown column 'l.recontact_date' in 'field list'
[2025-01-14 12:45:31] Error in get_due_recontacts.php: SQLSTATE[42S22]: Column not found: 1054 Unknown column 'l.recontact_date' in 'field list'
[2025-01-14 12:46:31] Error in get_due_recontacts.php: SQLSTATE[42S22]: Column not found: 1054 Unknown column 'l.recontact_date' in 'field list'
[2025-01-14 12:47:06] Error in get_due_recontacts.php: SQLSTATE[42S22]: Column not found: 1054 Unknown column 'l.recontact_date' in 'field list'
[2025-01-14 12:47:31] Error in get_due_recontacts.php: SQLSTATE[42S22]: Column not found: 1054 Unknown column 'l.recontact_date' in 'field list'
[2025-01-14 12:48:28] Error in get_due_recontacts.php: SQLSTATE[42S22]: Column not found: 1054 Unknown column 'l.recontact_date' in 'field list'
[2025-01-14 12:48:31] Error in get_due_recontacts.php: SQLSTATE[42S22]: Column not found: 1054 Unknown column 'l.recontact_date' in 'field list'
[2025-01-14 12:49:31] Error in get_due_recontacts.php: SQLSTATE[42S22]: Column not found: 1054 Unknown column 'l.recontact_date' in 'field list'
[2025-01-14 12:50:19] Error in get_due_recontacts.php: SQLSTATE[42S22]: Column not found: 1054 Unknown column 'l.recontact_date' in 'field list'
[2025-01-14 12:50:32] Error in get_due_recontacts.php: SQLSTATE[42S22]: Column not found: 1054 Unknown column 'l.recontact_date' in 'field list'
[2025-01-14 12:51:19] Error in get_due_recontacts.php: SQLSTATE[42S22]: Column not found: 1054 Unknown column 'l.recontact_date' in 'field list'
[2025-01-14 12:51:33] Error in get_due_recontacts.php: SQLSTATE[42S22]: Column not found: 1054 Unknown column 'l.recontact_date' in 'field list'
[2025-01-14 12:52:19] Error in get_due_recontacts.php: SQLSTATE[42S22]: Column not found: 1054 Unknown column 'l.recontact_date' in 'field list'
[2025-01-14 12:52:34] Error in get_due_recontacts.php: SQLSTATE[42S22]: Column not found: 1054 Unknown column 'l.recontact_date' in 'field list'
[2025-01-14 12:53:19] Error in get_due_recontacts.php: SQLSTATE[42S22]: Column not found: 1054 Unknown column 'l.recontact_date' in 'field list'
[2025-01-14 12:53:35] Error in get_due_recontacts.php: SQLSTATE[42S22]: Column not found: 1054 Unknown column 'l.recontact_date' in 'field list'
[2025-01-14 12:54:19] Error in get_due_recontacts.php: SQLSTATE[42S22]: Column not found: 1054 Unknown column 'l.recontact_date' in 'field list'
[2025-01-14 13:02:30] Error in get_due_recontacts.php: SQLSTATE[42S22]: Column not found: 1054 Unknown column 'l.recontact_date' in 'field list'
[2025-01-14 13:03:31] Error in get_due_recontacts.php: SQLSTATE[42S22]: Column not found: 1054 Unknown column 'l.recontact_date' in 'field list'
[2025-01-14 13:04:32] Error in get_due_recontacts.php: SQLSTATE[42S22]: Column not found: 1054 Unknown column 'l.recontact_date' in 'field list'
[2025-01-14 13:05:33] Error in get_due_recontacts.php: SQLSTATE[42S22]: Column not found: 1054 Unknown column 'l.recontact_date' in 'field list'
[2025-01-14 13:06:34] Error in get_due_recontacts.php: SQLSTATE[42S22]: Column not found: 1054 Unknown column 'l.recontact_date' in 'field list'
[2025-01-14 13:07:35] Error in get_due_recontacts.php: SQLSTATE[42S22]: Column not found: 1054 Unknown column 'l.recontact_date' in 'field list'
[2025-01-14 13:08:36] Error in get_due_recontacts.php: SQLSTATE[42S22]: Column not found: 1054 Unknown column 'l.recontact_date' in 'field list'
[2025-01-14 13:09:37] Error in get_due_recontacts.php: SQLSTATE[42S22]: Column not found: 1054 Unknown column 'l.recontact_date' in 'field list'
[2025-01-14 13:10:38] Error in get_due_recontacts.php: SQLSTATE[42S22]: Column not found: 1054 Unknown column 'l.recontact_date' in 'field list'
[2025-01-14 13:11:39] Error in get_due_recontacts.php: SQLSTATE[42S22]: Column not found: 1054 Unknown column 'l.recontact_date' in 'field list'
[2025-01-14 13:12:40] Error in get_due_recontacts.php: SQLSTATE[42S22]: Column not found: 1054 Unknown column 'l.recontact_date' in 'field list'
[2025-01-14 13:13:41] Error in get_due_recontacts.php: SQLSTATE[42S22]: Column not found: 1054 Unknown column 'l.recontact_date' in 'field list'
[2025-01-14 13:14:42] Error in get_due_recontacts.php: SQLSTATE[42S22]: Column not found: 1054 Unknown column 'l.recontact_date' in 'field list'
[2025-01-14 13:15:43] Error in get_due_recontacts.php: SQLSTATE[42S22]: Column not found: 1054 Unknown column 'l.recontact_date' in 'field list'
[2025-01-14 13:16:44] Error in get_due_recontacts.php: SQLSTATE[42S22]: Column not found: 1054 Unknown column 'l.recontact_date' in 'field list'
[2025-01-14 13:17:45] Error in get_due_recontacts.php: SQLSTATE[42S22]: Column not found: 1054 Unknown column 'l.recontact_date' in 'field list'
[2025-01-14 13:18:46] Error in get_due_recontacts.php: SQLSTATE[42S22]: Column not found: 1054 Unknown column 'l.recontact_date' in 'field list'
[2025-01-14 13:19:47] Error in get_due_recontacts.php: SQLSTATE[42S22]: Column not found: 1054 Unknown column 'l.recontact_date' in 'field list'
[2025-01-14 13:20:48] Error in get_due_recontacts.php: SQLSTATE[42S22]: Column not found: 1054 Unknown column 'l.recontact_date' in 'field list'
[2025-01-14 13:21:49] Error in get_due_recontacts.php: SQLSTATE[42S22]: Column not found: 1054 Unknown column 'l.recontact_date' in 'field list'
[2025-01-14 13:22:50] Error in get_due_recontacts.php: SQLSTATE[42S22]: Column not found: 1054 Unknown column 'l.recontact_date' in 'field list'
[2025-01-14 13:23:51] Error in get_due_recontacts.php: SQLSTATE[42S22]: Column not found: 1054 Unknown column 'l.recontact_date' in 'field list'
[2025-01-14 13:24:18] Error in get_due_recontacts.php: SQLSTATE[42S22]: Column not found: 1054 Unknown column 'l.recontact_date' in 'field list'
[2025-01-14 13:24:52] Error in get_due_recontacts.php: SQLSTATE[42S22]: Column not found: 1054 Unknown column 'l.recontact_date' in 'field list'
[2025-01-14 13:25:19] Error in get_due_recontacts.php: SQLSTATE[42S22]: Column not found: 1054 Unknown column 'l.recontact_date' in 'field list'
[2025-01-14 13:25:53] Error in get_due_recontacts.php: SQLSTATE[42S22]: Column not found: 1054 Unknown column 'l.recontact_date' in 'field list'
[2025-01-14 13:26:54] Error in get_due_recontacts.php: SQLSTATE[42S22]: Column not found: 1054 Unknown column 'l.recontact_date' in 'field list'
[2025-01-14 13:27:54] Error in get_due_recontacts.php: SQLSTATE[42S22]: Column not found: 1054 Unknown column 'l.recontact_date' in 'field list'
[2025-01-14 13:28:54] Error in get_due_recontacts.php: SQLSTATE[42S22]: Column not found: 1054 Unknown column 'l.recontact_date' in 'field list'
[2025-01-14 13:29:54] Error in get_due_recontacts.php: SQLSTATE[42S22]: Column not found: 1054 Unknown column 'l.recontact_date' in 'field list'
[2025-01-14 13:30:54] Error in get_due_recontacts.php: SQLSTATE[42S22]: Column not found: 1054 Unknown column 'l.recontact_date' in 'field list'
[2025-01-14 13:31:19] Error in get_due_recontacts.php: SQLSTATE[42S22]: Column not found: 1054 Unknown column 'l.recontact_date' in 'field list'
