[2024-10-28 08:19:24] Error in update_lead_stage.php: SQLSTATE[42S22]: Column not found: 1054 Unknown column 'previous_stage_id' in 'field list' in /hosting/www/evolagency.com/html/php/update_lead_stage.php on line 50
[2024-10-30 17:58:54] Error in add_lead.php: SQLSTATE[23000]: Integrity constraint violation: 1048 Column 'name' cannot be null in /hosting/www/evolagency.com/html/php/add_lead.php on line 28
[2024-10-30 17:59:57] Error in update_lead_stage.php: SQLSTATE[42S22]: Column not found: 1054 Unknown column 'action_type' in 'field list' in /hosting/www/evolagency.com/html/php/update_lead_stage.php on line 103
[2024-10-30 18:01:34] Error in update_lead_stage.php: SQLSTATE[42S22]: Column not found: 1054 Unknown column 'created_by' in 'field list' in /hosting/www/evolagency.com/html/php/update_lead_stage.php on line 139
[2024-10-30 18:01:37] Error in update_lead_stage.php: SQLSTATE[42S22]: Column not found: 1054 Unknown column 'created_by' in 'field list' in /hosting/www/evolagency.com/html/php/update_lead_stage.php on line 139
[2024-10-30 18:01:41] Error in update_lead_stage.php: SQLSTATE[42S22]: Column not found: 1054 Unknown column 'created_by' in 'field list' in /hosting/www/evolagency.com/html/php/update_lead_stage.php on line 139
[2024-10-30 18:29:54] Error in add_lead.php: SQLSTATE[23000]: Integrity constraint violation: 1048 Column 'name' cannot be null in /hosting/www/evolagency.com/html/php/add_lead.php on line 28
[2024-10-30 18:29:57] Error in add_lead.php: SQLSTATE[23000]: Integrity constraint violation: 1048 Column 'name' cannot be null in /hosting/www/evolagency.com/html/php/add_lead.php on line 28
[2024-10-30 18:30:01] Error in add_lead.php: SQLSTATE[23000]: Integrity constraint violation: 1048 Column 'name' cannot be null in /hosting/www/evolagency.com/html/php/add_lead.php on line 28
[2024-11-07 08:21:43] Error in update_lead_stage.php: Lead not found or access denied in /hosting/www/evolagency.com/html/php/update_lead_stage.php on line 125
[2025-01-14 09:57:58] Error in get_due_recontacts.php: SQLSTATE[42S22]: Column not found: 1054 Unknown column 'l.recontact_date' in 'field list'
[2025-01-14 09:58:58] Error in get_due_recontacts.php: SQLSTATE[42S22]: Column not found: 1054 Unknown column 'l.recontact_date' in 'field list'
[2025-01-14 10:13:59] Error in get_due_recontacts.php: SQLSTATE[42S22]: Column not found: 1054 Unknown column 'l.recontact_date' in 'field list'
[2025-01-14 10:17:38] Error in get_due_recontacts.php: SQLSTATE[42S22]: Column not found: 1054 Unknown column 'l.recontact_date' in 'field list'
[2025-01-14 10:30:53] Error in get_due_recontacts.php: SQLSTATE[42S22]: Column not found: 1054 Unknown column 'l.recontact_date' in 'field list'
[2025-01-14 10:31:52] Error in get_due_recontacts.php: SQLSTATE[42S22]: Column not found: 1054 Unknown column 'l.recontact_date' in 'field list'
[2025-01-14 10:32:52] Error in get_due_recontacts.php: SQLSTATE[42S22]: Column not found: 1054 Unknown column 'l.recontact_date' in 'field list'
[2025-01-14 10:33:52] Error in get_due_recontacts.php: SQLSTATE[42S22]: Column not found: 1054 Unknown column 'l.recontact_date' in 'field list'
[2025-01-14 10:34:52] Error in get_due_recontacts.php: SQLSTATE[42S22]: Column not found: 1054 Unknown column 'l.recontact_date' in 'field list'
[2025-01-14 10:35:53] Error in get_due_recontacts.php: SQLSTATE[42S22]: Column not found: 1054 Unknown column 'l.recontact_date' in 'field list'
[2025-01-14 10:38:53] Error in get_due_recontacts.php: SQLSTATE[42S22]: Column not found: 1054 Unknown column 'l.recontact_date' in 'field list'
[2025-01-14 10:39:52] Error in get_due_recontacts.php: SQLSTATE[42S22]: Column not found: 1054 Unknown column 'l.recontact_date' in 'field list'
[2025-01-14 10:40:53] Error in get_due_recontacts.php: SQLSTATE[42S22]: Column not found: 1054 Unknown column 'l.recontact_date' in 'field list'
[2025-01-14 10:40:59] Error in get_due_recontacts.php: SQLSTATE[42S22]: Column not found: 1054 Unknown column 'l.recontact_date' in 'field list'
[2025-01-14 10:41:54] Error in get_due_recontacts.php: SQLSTATE[42S22]: Column not found: 1054 Unknown column 'l.recontact_date' in 'field list'
[2025-01-14 10:41:59] Error in get_due_recontacts.php: SQLSTATE[42S22]: Column not found: 1054 Unknown column 'l.recontact_date' in 'field list'
[2025-01-14 10:43:06] Error in get_due_recontacts.php: SQLSTATE[42S22]: Column not found: 1054 Unknown column 'l.recontact_date' in 'field list'
[2025-01-14 10:43:54] Error in get_due_recontacts.php: SQLSTATE[42S22]: Column not found: 1054 Unknown column 'l.recontact_date' in 'field list'
[2025-01-14 10:44:07] Error in get_due_recontacts.php: SQLSTATE[42S22]: Column not found: 1054 Unknown column 'l.recontact_date' in 'field list'
[2025-01-14 10:44:54] Error in get_due_recontacts.php: SQLSTATE[42S22]: Column not found: 1054 Unknown column 'l.recontact_date' in 'field list'
[2025-01-14 10:47:59] Error in get_due_recontacts.php: SQLSTATE[42S22]: Column not found: 1054 Unknown column 'l.recontact_date' in 'field list'
[2025-01-14 10:48:59] Error in get_due_recontacts.php: SQLSTATE[42S22]: Column not found: 1054 Unknown column 'l.recontact_date' in 'field list'
[2025-01-14 10:49:59] Error in get_due_recontacts.php: SQLSTATE[42S22]: Column not found: 1054 Unknown column 'l.recontact_date' in 'field list'
[2025-01-14 10:51:44] Error in get_due_recontacts.php: SQLSTATE[42S22]: Column not found: 1054 Unknown column 'l.recontact_date' in 'field list'
[2025-01-14 10:52:44] Error in get_due_recontacts.php: SQLSTATE[42S22]: Column not found: 1054 Unknown column 'l.recontact_date' in 'field list'
[2025-01-14 11:02:43] Error in get_due_recontacts.php: SQLSTATE[42S22]: Column not found: 1054 Unknown column 'l.recontact_date' in 'field list'
[2025-01-14 11:03:43] Error in get_due_recontacts.php: SQLSTATE[42S22]: Column not found: 1054 Unknown column 'l.recontact_date' in 'field list'
[2025-01-14 11:04:44] Error in get_due_recontacts.php: SQLSTATE[42S22]: Column not found: 1054 Unknown column 'l.recontact_date' in 'field list'
[2025-01-14 11:05:45] Error in get_due_recontacts.php: SQLSTATE[42S22]: Column not found: 1054 Unknown column 'l.recontact_date' in 'field list'
[2025-01-14 11:07:10] Error in get_due_recontacts.php: SQLSTATE[42S22]: Column not found: 1054 Unknown column 'l.recontact_date' in 'field list'
[2025-01-14 11:08:11] Error in get_due_recontacts.php: SQLSTATE[42S22]: Column not found: 1054 Unknown column 'l.recontact_date' in 'field list'
[2025-01-14 11:09:11] Error in get_due_recontacts.php: SQLSTATE[42S22]: Column not found: 1054 Unknown column 'l.recontact_date' in 'field list'
[2025-01-14 11:09:34] Error in get_due_recontacts.php: SQLSTATE[42S22]: Column not found: 1054 Unknown column 'l.recontact_date' in 'field list'
[2025-01-14 11:10:11] Error in get_due_recontacts.php: SQLSTATE[42S22]: Column not found: 1054 Unknown column 'l.recontact_date' in 'field list'
[2025-01-14 11:11:11] Error in get_due_recontacts.php: SQLSTATE[42S22]: Column not found: 1054 Unknown column 'l.recontact_date' in 'field list'
[2025-01-14 11:12:12] Error in get_due_recontacts.php: SQLSTATE[42S22]: Column not found: 1054 Unknown column 'l.recontact_date' in 'field list'
[2025-01-14 11:13:13] Error in get_due_recontacts.php: SQLSTATE[42S22]: Column not found: 1054 Unknown column 'l.recontact_date' in 'field list'
[2025-01-14 11:14:14] Error in get_due_recontacts.php: SQLSTATE[42S22]: Column not found: 1054 Unknown column 'l.recontact_date' in 'field list'
[2025-01-14 11:15:15] Error in get_due_recontacts.php: SQLSTATE[42S22]: Column not found: 1054 Unknown column 'l.recontact_date' in 'field list'
[2025-01-14 11:16:16] Error in get_due_recontacts.php: SQLSTATE[42S22]: Column not found: 1054 Unknown column 'l.recontact_date' in 'field list'
[2025-01-14 11:17:17] Error in get_due_recontacts.php: SQLSTATE[42S22]: Column not found: 1054 Unknown column 'l.recontact_date' in 'field list'
[2025-01-14 11:22:44] Error in get_due_recontacts.php: SQLSTATE[42S22]: Column not found: 1054 Unknown column 'l.recontact_date' in 'field list'
[2025-01-14 11:23:45] Error in get_due_recontacts.php: SQLSTATE[42S22]: Column not found: 1054 Unknown column 'l.recontact_date' in 'field list'
[2025-01-14 11:24:45] Error in get_due_recontacts.php: SQLSTATE[42S22]: Column not found: 1054 Unknown column 'l.recontact_date' in 'field list'
[2025-01-14 11:25:45] Error in get_due_recontacts.php: SQLSTATE[42S22]: Column not found: 1054 Unknown column 'l.recontact_date' in 'field list'
[2025-01-14 11:26:45] Error in get_due_recontacts.php: SQLSTATE[42S22]: Column not found: 1054 Unknown column 'l.recontact_date' in 'field list'
[2025-01-14 11:28:20] Error in get_due_recontacts.php: SQLSTATE[42S22]: Column not found: 1054 Unknown column 'l.recontact_date' in 'field list'
[2025-01-14 11:29:20] Error in get_due_recontacts.php: SQLSTATE[42S22]: Column not found: 1054 Unknown column 'l.recontact_date' in 'field list'
[2025-01-14 11:37:37] Error in get_due_recontacts.php: SQLSTATE[42S22]: Column not found: 1054 Unknown column 'l.recontact_date' in 'field list'
[2025-01-14 12:01:47] Error in get_due_recontacts.php: SQLSTATE[42S22]: Column not found: 1054 Unknown column 'l.recontact_date' in 'field list'
[2025-01-14 12:24:50] Error in get_due_recontacts.php: SQLSTATE[42S22]: Column not found: 1054 Unknown column 'l.recontact_date' in 'field list'
[2025-01-14 12:25:51] Error in get_due_recontacts.php: SQLSTATE[42S22]: Column not found: 1054 Unknown column 'l.recontact_date' in 'field list'
[2025-01-14 12:26:52] Error in get_due_recontacts.php: SQLSTATE[42S22]: Column not found: 1054 Unknown column 'l.recontact_date' in 'field list'
[2025-01-14 12:27:53] Error in get_due_recontacts.php: SQLSTATE[42S22]: Column not found: 1054 Unknown column 'l.recontact_date' in 'field list'
[2025-01-14 12:28:54] Error in get_due_recontacts.php: SQLSTATE[42S22]: Column not found: 1054 Unknown column 'l.recontact_date' in 'field list'
[2025-01-14 12:29:55] Error in get_due_recontacts.php: SQLSTATE[42S22]: Column not found: 1054 Unknown column 'l.recontact_date' in 'field list'
[2025-01-14 12:30:56] Error in get_due_recontacts.php: SQLSTATE[42S22]: Column not found: 1054 Unknown column 'l.recontact_date' in 'field list'
[2025-01-14 12:31:57] Error in get_due_recontacts.php: SQLSTATE[42S22]: Column not found: 1054 Unknown column 'l.recontact_date' in 'field list'
[2025-01-14 12:32:57] Error in get_due_recontacts.php: SQLSTATE[42S22]: Column not found: 1054 Unknown column 'l.recontact_date' in 'field list'
[2025-01-14 12:33:49] Error in get_due_recontacts.php: SQLSTATE[42S22]: Column not found: 1054 Unknown column 'l.recontact_date' in 'field list'
[2025-01-14 12:34:50] Error in get_due_recontacts.php: SQLSTATE[42S22]: Column not found: 1054 Unknown column 'l.recontact_date' in 'field list'
[2025-01-14 12:35:51] Error in get_due_recontacts.php: SQLSTATE[42S22]: Column not found: 1054 Unknown column 'l.recontact_date' in 'field list'
[2025-01-14 12:36:52] Error in get_due_recontacts.php: SQLSTATE[42S22]: Column not found: 1054 Unknown column 'l.recontact_date' in 'field list'
[2025-01-14 12:37:53] Error in get_due_recontacts.php: SQLSTATE[42S22]: Column not found: 1054 Unknown column 'l.recontact_date' in 'field list'
[2025-01-14 12:38:54] Error in get_due_recontacts.php: SQLSTATE[42S22]: Column not found: 1054 Unknown column 'l.recontact_date' in 'field list'
[2025-01-14 12:40:58] Error in get_due_recontacts.php: SQLSTATE[42S22]: Column not found: 1054 Unknown column 'l.recontact_date' in 'field list'
[2025-01-14 12:41:59] Error in get_due_recontacts.php: SQLSTATE[42S22]: Column not found: 1054 Unknown column 'l.recontact_date' in 'field list'
[2025-01-14 12:43:31] Error in get_due_recontacts.php: SQLSTATE[42S22]: Column not found: 1054 Unknown column 'l.recontact_date' in 'field list'
[2025-01-14 12:44:31] Error in get_due_recontacts.php: SQLSTATE[42S22]: Column not found: 1054 Unknown column 'l.recontact_date' in 'field list'
[2025-01-14 12:45:31] Error in get_due_recontacts.php: SQLSTATE[42S22]: Column not found: 1054 Unknown column 'l.recontact_date' in 'field list'
[2025-01-14 12:46:31] Error in get_due_recontacts.php: SQLSTATE[42S22]: Column not found: 1054 Unknown column 'l.recontact_date' in 'field list'
[2025-01-14 12:47:06] Error in get_due_recontacts.php: SQLSTATE[42S22]: Column not found: 1054 Unknown column 'l.recontact_date' in 'field list'
[2025-01-14 12:47:31] Error in get_due_recontacts.php: SQLSTATE[42S22]: Column not found: 1054 Unknown column 'l.recontact_date' in 'field list'
[2025-01-14 12:48:28] Error in get_due_recontacts.php: SQLSTATE[42S22]: Column not found: 1054 Unknown column 'l.recontact_date' in 'field list'
[2025-01-14 12:48:31] Error in get_due_recontacts.php: SQLSTATE[42S22]: Column not found: 1054 Unknown column 'l.recontact_date' in 'field list'
[2025-01-14 12:49:31] Error in get_due_recontacts.php: SQLSTATE[42S22]: Column not found: 1054 Unknown column 'l.recontact_date' in 'field list'
[2025-01-14 12:50:19] Error in get_due_recontacts.php: SQLSTATE[42S22]: Column not found: 1054 Unknown column 'l.recontact_date' in 'field list'
[2025-01-14 12:50:32] Error in get_due_recontacts.php: SQLSTATE[42S22]: Column not found: 1054 Unknown column 'l.recontact_date' in 'field list'
[2025-01-14 12:51:19] Error in get_due_recontacts.php: SQLSTATE[42S22]: Column not found: 1054 Unknown column 'l.recontact_date' in 'field list'
[2025-01-14 12:51:33] Error in get_due_recontacts.php: SQLSTATE[42S22]: Column not found: 1054 Unknown column 'l.recontact_date' in 'field list'
[2025-01-14 12:52:19] Error in get_due_recontacts.php: SQLSTATE[42S22]: Column not found: 1054 Unknown column 'l.recontact_date' in 'field list'
[2025-01-14 12:52:34] Error in get_due_recontacts.php: SQLSTATE[42S22]: Column not found: 1054 Unknown column 'l.recontact_date' in 'field list'
[2025-01-14 12:53:19] Error in get_due_recontacts.php: SQLSTATE[42S22]: Column not found: 1054 Unknown column 'l.recontact_date' in 'field list'
[2025-01-14 12:53:35] Error in get_due_recontacts.php: SQLSTATE[42S22]: Column not found: 1054 Unknown column 'l.recontact_date' in 'field list'
[2025-01-14 12:54:19] Error in get_due_recontacts.php: SQLSTATE[42S22]: Column not found: 1054 Unknown column 'l.recontact_date' in 'field list'
[2025-01-14 13:02:30] Error in get_due_recontacts.php: SQLSTATE[42S22]: Column not found: 1054 Unknown column 'l.recontact_date' in 'field list'
[2025-01-14 13:03:31] Error in get_due_recontacts.php: SQLSTATE[42S22]: Column not found: 1054 Unknown column 'l.recontact_date' in 'field list'
[2025-01-14 13:04:32] Error in get_due_recontacts.php: SQLSTATE[42S22]: Column not found: 1054 Unknown column 'l.recontact_date' in 'field list'
[2025-01-14 13:05:33] Error in get_due_recontacts.php: SQLSTATE[42S22]: Column not found: 1054 Unknown column 'l.recontact_date' in 'field list'
[2025-01-14 13:06:34] Error in get_due_recontacts.php: SQLSTATE[42S22]: Column not found: 1054 Unknown column 'l.recontact_date' in 'field list'
[2025-01-14 13:07:35] Error in get_due_recontacts.php: SQLSTATE[42S22]: Column not found: 1054 Unknown column 'l.recontact_date' in 'field list'
[2025-01-14 13:08:36] Error in get_due_recontacts.php: SQLSTATE[42S22]: Column not found: 1054 Unknown column 'l.recontact_date' in 'field list'
[2025-01-14 13:09:37] Error in get_due_recontacts.php: SQLSTATE[42S22]: Column not found: 1054 Unknown column 'l.recontact_date' in 'field list'
[2025-01-14 13:10:38] Error in get_due_recontacts.php: SQLSTATE[42S22]: Column not found: 1054 Unknown column 'l.recontact_date' in 'field list'
[2025-01-14 13:11:39] Error in get_due_recontacts.php: SQLSTATE[42S22]: Column not found: 1054 Unknown column 'l.recontact_date' in 'field list'
[2025-01-14 13:12:40] Error in get_due_recontacts.php: SQLSTATE[42S22]: Column not found: 1054 Unknown column 'l.recontact_date' in 'field list'
[2025-01-14 13:13:41] Error in get_due_recontacts.php: SQLSTATE[42S22]: Column not found: 1054 Unknown column 'l.recontact_date' in 'field list'
[2025-01-14 13:14:42] Error in get_due_recontacts.php: SQLSTATE[42S22]: Column not found: 1054 Unknown column 'l.recontact_date' in 'field list'
[2025-01-14 13:15:43] Error in get_due_recontacts.php: SQLSTATE[42S22]: Column not found: 1054 Unknown column 'l.recontact_date' in 'field list'
[2025-01-14 13:16:44] Error in get_due_recontacts.php: SQLSTATE[42S22]: Column not found: 1054 Unknown column 'l.recontact_date' in 'field list'
[2025-01-14 13:17:45] Error in get_due_recontacts.php: SQLSTATE[42S22]: Column not found: 1054 Unknown column 'l.recontact_date' in 'field list'
[2025-01-14 13:18:46] Error in get_due_recontacts.php: SQLSTATE[42S22]: Column not found: 1054 Unknown column 'l.recontact_date' in 'field list'
[2025-01-14 13:19:47] Error in get_due_recontacts.php: SQLSTATE[42S22]: Column not found: 1054 Unknown column 'l.recontact_date' in 'field list'
[2025-01-14 13:20:48] Error in get_due_recontacts.php: SQLSTATE[42S22]: Column not found: 1054 Unknown column 'l.recontact_date' in 'field list'
[2025-01-14 13:21:49] Error in get_due_recontacts.php: SQLSTATE[42S22]: Column not found: 1054 Unknown column 'l.recontact_date' in 'field list'
[2025-01-14 13:22:50] Error in get_due_recontacts.php: SQLSTATE[42S22]: Column not found: 1054 Unknown column 'l.recontact_date' in 'field list'
[2025-01-14 13:23:51] Error in get_due_recontacts.php: SQLSTATE[42S22]: Column not found: 1054 Unknown column 'l.recontact_date' in 'field list'
[2025-01-14 13:24:18] Error in get_due_recontacts.php: SQLSTATE[42S22]: Column not found: 1054 Unknown column 'l.recontact_date' in 'field list'
[2025-01-14 13:24:52] Error in get_due_recontacts.php: SQLSTATE[42S22]: Column not found: 1054 Unknown column 'l.recontact_date' in 'field list'
[2025-01-14 13:25:19] Error in get_due_recontacts.php: SQLSTATE[42S22]: Column not found: 1054 Unknown column 'l.recontact_date' in 'field list'
[2025-01-14 13:25:53] Error in get_due_recontacts.php: SQLSTATE[42S22]: Column not found: 1054 Unknown column 'l.recontact_date' in 'field list'
[2025-01-14 13:26:54] Error in get_due_recontacts.php: SQLSTATE[42S22]: Column not found: 1054 Unknown column 'l.recontact_date' in 'field list'
[2025-01-14 13:27:54] Error in get_due_recontacts.php: SQLSTATE[42S22]: Column not found: 1054 Unknown column 'l.recontact_date' in 'field list'
[2025-01-14 13:28:54] Error in get_due_recontacts.php: SQLSTATE[42S22]: Column not found: 1054 Unknown column 'l.recontact_date' in 'field list'
[2025-01-14 13:29:54] Error in get_due_recontacts.php: SQLSTATE[42S22]: Column not found: 1054 Unknown column 'l.recontact_date' in 'field list'
[2025-01-14 13:30:54] Error in get_due_recontacts.php: SQLSTATE[42S22]: Column not found: 1054 Unknown column 'l.recontact_date' in 'field list'
[2025-01-14 13:31:19] Error in get_due_recontacts.php: SQLSTATE[42S22]: Column not found: 1054 Unknown column 'l.recontact_date' in 'field list'
[2025-01-14 13:48:48] Error in get_due_recontacts.php: SQLSTATE[42S22]: Column not found: 1054 Unknown column 'l.recontact_date' in 'field list'
[2025-01-14 13:49:43] Error in get_due_recontacts.php: SQLSTATE[42S22]: Column not found: 1054 Unknown column 'l.recontact_date' in 'field list'
[2025-01-14 13:49:48] Error in get_due_recontacts.php: SQLSTATE[42S22]: Column not found: 1054 Unknown column 'l.recontact_date' in 'field list'
[2025-01-14 13:50:43] Error in get_due_recontacts.php: SQLSTATE[42S22]: Column not found: 1054 Unknown column 'l.recontact_date' in 'field list'
[2025-01-14 13:50:48] Error in get_due_recontacts.php: SQLSTATE[42S22]: Column not found: 1054 Unknown column 'l.recontact_date' in 'field list'
[2025-01-14 13:51:43] Error in get_due_recontacts.php: SQLSTATE[42S22]: Column not found: 1054 Unknown column 'l.recontact_date' in 'field list'
[2025-01-14 13:51:48] Error in get_due_recontacts.php: SQLSTATE[42S22]: Column not found: 1054 Unknown column 'l.recontact_date' in 'field list'
[2025-01-14 13:52:48] Error in get_due_recontacts.php: SQLSTATE[42S22]: Column not found: 1054 Unknown column 'l.recontact_date' in 'field list'
[2025-01-14 13:53:22] Error in get_due_recontacts.php: SQLSTATE[42S22]: Column not found: 1054 Unknown column 'l.recontact_date' in 'field list'
[2025-01-14 13:53:30] Error in get_due_recontacts.php: SQLSTATE[42S22]: Column not found: 1054 Unknown column 'l.recontact_date' in 'field list'
[2025-01-14 13:54:30] Error in get_due_recontacts.php: SQLSTATE[42S22]: Column not found: 1054 Unknown column 'l.recontact_date' in 'field list'
[2025-01-14 13:54:30] Error in get_due_recontacts.php: SQLSTATE[42S22]: Column not found: 1054 Unknown column 'l.recontact_date' in 'field list'
[2025-01-14 13:55:30] Error in get_due_recontacts.php: SQLSTATE[42S22]: Column not found: 1054 Unknown column 'l.recontact_date' in 'field list'
[2025-01-14 13:55:30] Error in get_due_recontacts.php: SQLSTATE[42S22]: Column not found: 1054 Unknown column 'l.recontact_date' in 'field list'
[2025-01-14 13:56:30] Error in get_due_recontacts.php: SQLSTATE[42S22]: Column not found: 1054 Unknown column 'l.recontact_date' in 'field list'
[2025-01-14 13:56:30] Error in get_due_recontacts.php: SQLSTATE[42S22]: Column not found: 1054 Unknown column 'l.recontact_date' in 'field list'
[2025-01-14 13:59:13] Error in get_due_recontacts.php: SQLSTATE[42S22]: Column not found: 1054 Unknown column 'l.recontact_date' in 'field list'
[2025-01-14 14:00:13] Error in get_due_recontacts.php: SQLSTATE[42S22]: Column not found: 1054 Unknown column 'l.recontact_date' in 'field list'
[2025-01-14 14:00:42] Error in get_due_recontacts.php: SQLSTATE[42S22]: Column not found: 1054 Unknown column 'l.recontact_date' in 'field list'
[2025-01-14 14:01:13] Error in get_due_recontacts.php: SQLSTATE[42S22]: Column not found: 1054 Unknown column 'l.recontact_date' in 'field list'
[2025-01-14 14:01:42] Error in get_due_recontacts.php: SQLSTATE[42S22]: Column not found: 1054 Unknown column 'l.recontact_date' in 'field list'
[2025-01-14 14:02:13] Error in get_due_recontacts.php: SQLSTATE[42S22]: Column not found: 1054 Unknown column 'l.recontact_date' in 'field list'
[2025-01-14 14:03:14] Error in get_due_recontacts.php: SQLSTATE[42S22]: Column not found: 1054 Unknown column 'l.recontact_date' in 'field list'
[2025-01-14 14:04:13] Error in get_due_recontacts.php: SQLSTATE[42S22]: Column not found: 1054 Unknown column 'l.recontact_date' in 'field list'
[2025-01-14 14:05:13] Error in get_due_recontacts.php: SQLSTATE[42S22]: Column not found: 1054 Unknown column 'l.recontact_date' in 'field list'
[2025-01-14 14:06:13] Error in get_due_recontacts.php: SQLSTATE[42S22]: Column not found: 1054 Unknown column 'l.recontact_date' in 'field list'
[2025-01-14 14:07:13] Error in get_due_recontacts.php: SQLSTATE[42S22]: Column not found: 1054 Unknown column 'l.recontact_date' in 'field list'
[2025-01-14 14:08:13] Error in get_due_recontacts.php: SQLSTATE[42S22]: Column not found: 1054 Unknown column 'l.recontact_date' in 'field list'
[2025-01-14 14:13:54] Error in get_due_recontacts.php: SQLSTATE[42S22]: Column not found: 1054 Unknown column 'l.recontact_date' in 'field list'
[2025-01-14 14:14:54] Error in get_due_recontacts.php: SQLSTATE[42S22]: Column not found: 1054 Unknown column 'l.recontact_date' in 'field list'
[2025-01-14 14:15:54] Error in get_due_recontacts.php: SQLSTATE[42S22]: Column not found: 1054 Unknown column 'l.recontact_date' in 'field list'
[2025-01-14 14:16:54] Error in get_due_recontacts.php: SQLSTATE[42S22]: Column not found: 1054 Unknown column 'l.recontact_date' in 'field list'
[2025-01-14 14:17:54] Error in get_due_recontacts.php: SQLSTATE[42S22]: Column not found: 1054 Unknown column 'l.recontact_date' in 'field list'
[2025-01-14 14:18:54] Error in get_due_recontacts.php: SQLSTATE[42S22]: Column not found: 1054 Unknown column 'l.recontact_date' in 'field list'
[2025-01-14 14:19:49] Error in get_due_recontacts.php: SQLSTATE[42S22]: Column not found: 1054 Unknown column 'l.recontact_date' in 'field list'
[2025-01-14 14:19:54] Error in get_due_recontacts.php: SQLSTATE[42S22]: Column not found: 1054 Unknown column 'l.recontact_date' in 'field list'
[2025-01-14 14:20:49] Error in get_due_recontacts.php: SQLSTATE[42S22]: Column not found: 1054 Unknown column 'l.recontact_date' in 'field list'
[2025-01-14 14:20:54] Error in get_due_recontacts.php: SQLSTATE[42S22]: Column not found: 1054 Unknown column 'l.recontact_date' in 'field list'
[2025-01-14 14:21:50] Error in get_due_recontacts.php: SQLSTATE[42S22]: Column not found: 1054 Unknown column 'l.recontact_date' in 'field list'
[2025-01-14 14:22:11] Error in get_due_recontacts.php: SQLSTATE[42S22]: Column not found: 1054 Unknown column 'l.recontact_date' in 'field list'
[2025-01-14 14:22:51] Error in get_due_recontacts.php: SQLSTATE[42S22]: Column not found: 1054 Unknown column 'l.recontact_date' in 'field list'
[2025-01-14 14:23:11] Error in get_due_recontacts.php: SQLSTATE[42S22]: Column not found: 1054 Unknown column 'l.recontact_date' in 'field list'
[2025-01-14 14:23:52] Error in get_due_recontacts.php: SQLSTATE[42S22]: Column not found: 1054 Unknown column 'l.recontact_date' in 'field list'
[2025-01-14 14:24:11] Error in get_due_recontacts.php: SQLSTATE[42S22]: Column not found: 1054 Unknown column 'l.recontact_date' in 'field list'
[2025-01-14 14:24:54] Error in get_due_recontacts.php: SQLSTATE[42S22]: Column not found: 1054 Unknown column 'l.recontact_date' in 'field list'
[2025-01-14 14:25:11] Error in get_due_recontacts.php: SQLSTATE[42S22]: Column not found: 1054 Unknown column 'l.recontact_date' in 'field list'
[2025-01-14 14:25:55] Error in get_due_recontacts.php: SQLSTATE[42S22]: Column not found: 1054 Unknown column 'l.recontact_date' in 'field list'
[2025-01-14 14:26:11] Error in get_due_recontacts.php: SQLSTATE[42S22]: Column not found: 1054 Unknown column 'l.recontact_date' in 'field list'
[2025-01-14 14:26:56] Error in get_due_recontacts.php: SQLSTATE[42S22]: Column not found: 1054 Unknown column 'l.recontact_date' in 'field list'
[2025-01-14 14:27:11] Error in get_due_recontacts.php: SQLSTATE[42S22]: Column not found: 1054 Unknown column 'l.recontact_date' in 'field list'
[2025-01-14 14:28:11] Error in get_due_recontacts.php: SQLSTATE[42S22]: Column not found: 1054 Unknown column 'l.recontact_date' in 'field list'
[2025-01-14 14:29:11] Error in get_due_recontacts.php: SQLSTATE[42S22]: Column not found: 1054 Unknown column 'l.recontact_date' in 'field list'
[2025-01-14 14:30:11] Error in get_due_recontacts.php: SQLSTATE[42S22]: Column not found: 1054 Unknown column 'l.recontact_date' in 'field list'
[2025-01-14 14:31:11] Error in get_due_recontacts.php: SQLSTATE[42S22]: Column not found: 1054 Unknown column 'l.recontact_date' in 'field list'
[2025-01-14 14:32:11] Error in get_due_recontacts.php: SQLSTATE[42S22]: Column not found: 1054 Unknown column 'l.recontact_date' in 'field list'
[2025-01-14 14:33:11] Error in get_due_recontacts.php: SQLSTATE[42S22]: Column not found: 1054 Unknown column 'l.recontact_date' in 'field list'
[2025-01-14 14:34:11] Error in get_due_recontacts.php: SQLSTATE[42S22]: Column not found: 1054 Unknown column 'l.recontact_date' in 'field list'
[2025-01-14 14:35:12] Error in get_due_recontacts.php: SQLSTATE[42S22]: Column not found: 1054 Unknown column 'l.recontact_date' in 'field list'
[2025-01-14 14:36:12] Error in get_due_recontacts.php: SQLSTATE[42S22]: Column not found: 1054 Unknown column 'l.recontact_date' in 'field list'
[2025-01-14 14:37:12] Error in get_due_recontacts.php: SQLSTATE[42S22]: Column not found: 1054 Unknown column 'l.recontact_date' in 'field list'
[2025-01-14 14:38:12] Error in get_due_recontacts.php: SQLSTATE[42S22]: Column not found: 1054 Unknown column 'l.recontact_date' in 'field list'
[2025-01-14 14:39:12] Error in get_due_recontacts.php: SQLSTATE[42S22]: Column not found: 1054 Unknown column 'l.recontact_date' in 'field list'
[2025-01-14 14:40:12] Error in get_due_recontacts.php: SQLSTATE[42S22]: Column not found: 1054 Unknown column 'l.recontact_date' in 'field list'
[2025-01-14 14:41:12] Error in get_due_recontacts.php: SQLSTATE[42S22]: Column not found: 1054 Unknown column 'l.recontact_date' in 'field list'
[2025-01-14 14:42:12] Error in get_due_recontacts.php: SQLSTATE[42S22]: Column not found: 1054 Unknown column 'l.recontact_date' in 'field list'
[2025-01-14 14:42:55] Error in get_due_recontacts.php: SQLSTATE[42S22]: Column not found: 1054 Unknown column 'l.recontact_date' in 'field list'
[2025-01-14 14:43:12] Error in get_due_recontacts.php: SQLSTATE[42S22]: Column not found: 1054 Unknown column 'l.recontact_date' in 'field list'
[2025-01-14 14:43:56] Error in get_due_recontacts.php: SQLSTATE[42S22]: Column not found: 1054 Unknown column 'l.recontact_date' in 'field list'
[2025-01-14 14:44:12] Error in get_due_recontacts.php: SQLSTATE[42S22]: Column not found: 1054 Unknown column 'l.recontact_date' in 'field list'
[2025-01-14 14:44:56] Error in get_due_recontacts.php: SQLSTATE[42S22]: Column not found: 1054 Unknown column 'l.recontact_date' in 'field list'
[2025-01-14 14:45:12] Error in get_due_recontacts.php: SQLSTATE[42S22]: Column not found: 1054 Unknown column 'l.recontact_date' in 'field list'
[2025-01-14 14:45:56] Error in get_due_recontacts.php: SQLSTATE[42S22]: Column not found: 1054 Unknown column 'l.recontact_date' in 'field list'
[2025-01-14 14:46:12] Error in get_due_recontacts.php: SQLSTATE[42S22]: Column not found: 1054 Unknown column 'l.recontact_date' in 'field list'
[2025-01-14 14:46:56] Error in get_due_recontacts.php: SQLSTATE[42S22]: Column not found: 1054 Unknown column 'l.recontact_date' in 'field list'
[2025-01-14 14:47:12] Error in get_due_recontacts.php: SQLSTATE[42S22]: Column not found: 1054 Unknown column 'l.recontact_date' in 'field list'
[2025-01-14 14:47:56] Error in get_due_recontacts.php: SQLSTATE[42S22]: Column not found: 1054 Unknown column 'l.recontact_date' in 'field list'
[2025-01-14 14:48:12] Error in get_due_recontacts.php: SQLSTATE[42S22]: Column not found: 1054 Unknown column 'l.recontact_date' in 'field list'
[2025-01-14 14:48:56] Error in get_due_recontacts.php: SQLSTATE[42S22]: Column not found: 1054 Unknown column 'l.recontact_date' in 'field list'
[2025-01-14 14:49:12] Error in get_due_recontacts.php: SQLSTATE[42S22]: Column not found: 1054 Unknown column 'l.recontact_date' in 'field list'
[2025-01-14 14:49:56] Error in get_due_recontacts.php: SQLSTATE[42S22]: Column not found: 1054 Unknown column 'l.recontact_date' in 'field list'
[2025-01-14 14:50:12] Error in get_due_recontacts.php: SQLSTATE[42S22]: Column not found: 1054 Unknown column 'l.recontact_date' in 'field list'
[2025-01-14 14:50:56] Error in get_due_recontacts.php: SQLSTATE[42S22]: Column not found: 1054 Unknown column 'l.recontact_date' in 'field list'
[2025-01-14 14:51:56] Error in get_due_recontacts.php: SQLSTATE[42S22]: Column not found: 1054 Unknown column 'l.recontact_date' in 'field list'
[2025-01-14 14:52:56] Error in get_due_recontacts.php: SQLSTATE[42S22]: Column not found: 1054 Unknown column 'l.recontact_date' in 'field list'
[2025-01-14 14:53:56] Error in get_due_recontacts.php: SQLSTATE[42S22]: Column not found: 1054 Unknown column 'l.recontact_date' in 'field list'
[2025-01-14 14:54:56] Error in get_due_recontacts.php: SQLSTATE[42S22]: Column not found: 1054 Unknown column 'l.recontact_date' in 'field list'
[2025-01-14 14:55:56] Error in get_due_recontacts.php: SQLSTATE[42S22]: Column not found: 1054 Unknown column 'l.recontact_date' in 'field list'
[2025-01-14 14:56:56] Error in get_due_recontacts.php: SQLSTATE[42S22]: Column not found: 1054 Unknown column 'l.recontact_date' in 'field list'
[2025-01-14 14:57:56] Error in get_due_recontacts.php: SQLSTATE[42S22]: Column not found: 1054 Unknown column 'l.recontact_date' in 'field list'
[2025-01-14 14:58:49] Error in get_due_recontacts.php: SQLSTATE[42S22]: Column not found: 1054 Unknown column 'l.recontact_date' in 'field list'
[2025-01-14 14:58:56] Error in get_due_recontacts.php: SQLSTATE[42S22]: Column not found: 1054 Unknown column 'l.recontact_date' in 'field list'
[2025-01-14 14:59:49] Error in get_due_recontacts.php: SQLSTATE[42S22]: Column not found: 1054 Unknown column 'l.recontact_date' in 'field list'
[2025-01-14 14:59:58] Error in get_due_recontacts.php: SQLSTATE[42S22]: Column not found: 1054 Unknown column 'l.recontact_date' in 'field list'
[2025-01-14 15:00:49] Error in get_due_recontacts.php: SQLSTATE[42S22]: Column not found: 1054 Unknown column 'l.recontact_date' in 'field list'
[2025-01-14 15:00:58] Error in get_due_recontacts.php: SQLSTATE[42S22]: Column not found: 1054 Unknown column 'l.recontact_date' in 'field list'
[2025-01-14 15:01:49] Error in get_due_recontacts.php: SQLSTATE[42S22]: Column not found: 1054 Unknown column 'l.recontact_date' in 'field list'
[2025-01-14 15:01:58] Error in get_due_recontacts.php: SQLSTATE[42S22]: Column not found: 1054 Unknown column 'l.recontact_date' in 'field list'
[2025-01-14 15:02:49] Error in get_due_recontacts.php: SQLSTATE[42S22]: Column not found: 1054 Unknown column 'l.recontact_date' in 'field list'
[2025-01-14 15:02:58] Error in get_due_recontacts.php: SQLSTATE[42S22]: Column not found: 1054 Unknown column 'l.recontact_date' in 'field list'
[2025-01-14 15:03:49] Error in get_due_recontacts.php: SQLSTATE[42S22]: Column not found: 1054 Unknown column 'l.recontact_date' in 'field list'
[2025-01-14 15:03:58] Error in get_due_recontacts.php: SQLSTATE[42S22]: Column not found: 1054 Unknown column 'l.recontact_date' in 'field list'
[2025-01-14 15:04:49] Error in get_due_recontacts.php: SQLSTATE[42S22]: Column not found: 1054 Unknown column 'l.recontact_date' in 'field list'
[2025-01-14 15:04:58] Error in get_due_recontacts.php: SQLSTATE[42S22]: Column not found: 1054 Unknown column 'l.recontact_date' in 'field list'
[2025-01-14 15:05:49] Error in get_due_recontacts.php: SQLSTATE[42S22]: Column not found: 1054 Unknown column 'l.recontact_date' in 'field list'
[2025-01-14 15:05:58] Error in get_due_recontacts.php: SQLSTATE[42S22]: Column not found: 1054 Unknown column 'l.recontact_date' in 'field list'
[2025-01-14 15:06:49] Error in get_due_recontacts.php: SQLSTATE[42S22]: Column not found: 1054 Unknown column 'l.recontact_date' in 'field list'
[2025-01-14 15:06:58] Error in get_due_recontacts.php: SQLSTATE[42S22]: Column not found: 1054 Unknown column 'l.recontact_date' in 'field list'
[2025-01-14 15:07:49] Error in get_due_recontacts.php: SQLSTATE[42S22]: Column not found: 1054 Unknown column 'l.recontact_date' in 'field list'
[2025-01-14 15:07:58] Error in get_due_recontacts.php: SQLSTATE[42S22]: Column not found: 1054 Unknown column 'l.recontact_date' in 'field list'
[2025-01-14 15:08:49] Error in get_due_recontacts.php: SQLSTATE[42S22]: Column not found: 1054 Unknown column 'l.recontact_date' in 'field list'
[2025-01-14 15:09:22] Error in get_due_recontacts.php: SQLSTATE[42S22]: Column not found: 1054 Unknown column 'l.recontact_date' in 'field list'
[2025-01-14 15:09:49] Error in get_due_recontacts.php: SQLSTATE[42S22]: Column not found: 1054 Unknown column 'l.recontact_date' in 'field list'
[2025-01-14 15:10:22] Error in get_due_recontacts.php: SQLSTATE[42S22]: Column not found: 1054 Unknown column 'l.recontact_date' in 'field list'
[2025-01-14 15:10:49] Error in get_due_recontacts.php: SQLSTATE[42S22]: Column not found: 1054 Unknown column 'l.recontact_date' in 'field list'
[2025-01-14 15:11:22] Error in get_due_recontacts.php: SQLSTATE[42S22]: Column not found: 1054 Unknown column 'l.recontact_date' in 'field list'
[2025-01-14 15:11:49] Error in get_due_recontacts.php: SQLSTATE[42S22]: Column not found: 1054 Unknown column 'l.recontact_date' in 'field list'
[2025-01-14 15:12:22] Error in get_due_recontacts.php: SQLSTATE[42S22]: Column not found: 1054 Unknown column 'l.recontact_date' in 'field list'
[2025-01-14 15:12:49] Error in get_due_recontacts.php: SQLSTATE[42S22]: Column not found: 1054 Unknown column 'l.recontact_date' in 'field list'
[2025-01-14 15:13:22] Error in get_due_recontacts.php: SQLSTATE[42S22]: Column not found: 1054 Unknown column 'l.recontact_date' in 'field list'
[2025-01-14 15:13:49] Error in get_due_recontacts.php: SQLSTATE[42S22]: Column not found: 1054 Unknown column 'l.recontact_date' in 'field list'
[2025-01-14 15:14:23] Error in get_due_recontacts.php: SQLSTATE[42S22]: Column not found: 1054 Unknown column 'l.recontact_date' in 'field list'
[2025-01-14 15:14:49] Error in get_due_recontacts.php: SQLSTATE[42S22]: Column not found: 1054 Unknown column 'l.recontact_date' in 'field list'
[2025-01-14 15:15:49] Error in get_due_recontacts.php: SQLSTATE[42S22]: Column not found: 1054 Unknown column 'l.recontact_date' in 'field list'
[2025-01-14 15:16:49] Error in get_due_recontacts.php: SQLSTATE[42S22]: Column not found: 1054 Unknown column 'l.recontact_date' in 'field list'
[2025-01-14 15:17:49] Error in get_due_recontacts.php: SQLSTATE[42S22]: Column not found: 1054 Unknown column 'l.recontact_date' in 'field list'
[2025-01-14 15:18:49] Error in get_due_recontacts.php: SQLSTATE[42S22]: Column not found: 1054 Unknown column 'l.recontact_date' in 'field list'
[2025-01-14 15:19:49] Error in get_due_recontacts.php: SQLSTATE[42S22]: Column not found: 1054 Unknown column 'l.recontact_date' in 'field list'
[2025-01-14 15:20:49] Error in get_due_recontacts.php: SQLSTATE[42S22]: Column not found: 1054 Unknown column 'l.recontact_date' in 'field list'
[2025-01-14 15:21:48] Error in get_due_recontacts.php: SQLSTATE[42S22]: Column not found: 1054 Unknown column 'l.recontact_date' in 'field list'
[2025-01-14 15:22:48] Error in get_due_recontacts.php: SQLSTATE[42S22]: Column not found: 1054 Unknown column 'l.recontact_date' in 'field list'
[2025-01-14 15:24:14] Error in get_due_recontacts.php: SQLSTATE[42S22]: Column not found: 1054 Unknown column 'l.recontact_date' in 'field list'
[2025-01-14 15:25:14] Error in get_due_recontacts.php: SQLSTATE[42S22]: Column not found: 1054 Unknown column 'l.recontact_date' in 'field list'
[2025-01-14 15:26:14] Error in get_due_recontacts.php: SQLSTATE[42S22]: Column not found: 1054 Unknown column 'l.recontact_date' in 'field list'
[2025-01-14 15:27:14] Error in get_due_recontacts.php: SQLSTATE[42S22]: Column not found: 1054 Unknown column 'l.recontact_date' in 'field list'
[2025-01-14 15:28:14] Error in get_due_recontacts.php: SQLSTATE[42S22]: Column not found: 1054 Unknown column 'l.recontact_date' in 'field list'
[2025-01-14 15:29:15] Error in get_due_recontacts.php: SQLSTATE[42S22]: Column not found: 1054 Unknown column 'l.recontact_date' in 'field list'
[2025-01-14 15:30:14] Error in get_due_recontacts.php: SQLSTATE[42S22]: Column not found: 1054 Unknown column 'l.recontact_date' in 'field list'
[2025-01-14 15:31:14] Error in get_due_recontacts.php: SQLSTATE[42S22]: Column not found: 1054 Unknown column 'l.recontact_date' in 'field list'
[2025-01-14 15:32:14] Error in get_due_recontacts.php: SQLSTATE[42S22]: Column not found: 1054 Unknown column 'l.recontact_date' in 'field list'
[2025-01-14 15:34:19] Error in get_due_recontacts.php: SQLSTATE[42S22]: Column not found: 1054 Unknown column 'l.recontact_date' in 'field list'
[2025-01-14 15:35:20] Error in get_due_recontacts.php: SQLSTATE[42S22]: Column not found: 1054 Unknown column 'l.recontact_date' in 'field list'
[2025-01-14 15:36:21] Error in get_due_recontacts.php: SQLSTATE[42S22]: Column not found: 1054 Unknown column 'l.recontact_date' in 'field list'
[2025-01-14 15:37:22] Error in get_due_recontacts.php: SQLSTATE[42S22]: Column not found: 1054 Unknown column 'l.recontact_date' in 'field list'
[2025-01-14 15:38:23] Error in get_due_recontacts.php: SQLSTATE[42S22]: Column not found: 1054 Unknown column 'l.recontact_date' in 'field list'
[2025-01-14 15:39:24] Error in get_due_recontacts.php: SQLSTATE[42S22]: Column not found: 1054 Unknown column 'l.recontact_date' in 'field list'
[2025-01-14 15:40:25] Error in get_due_recontacts.php: SQLSTATE[42S22]: Column not found: 1054 Unknown column 'l.recontact_date' in 'field list'
[2025-01-14 15:41:26] Error in get_due_recontacts.php: SQLSTATE[42S22]: Column not found: 1054 Unknown column 'l.recontact_date' in 'field list'
[2025-01-14 15:42:27] Error in get_due_recontacts.php: SQLSTATE[42S22]: Column not found: 1054 Unknown column 'l.recontact_date' in 'field list'
[2025-01-14 15:43:28] Error in get_due_recontacts.php: SQLSTATE[42S22]: Column not found: 1054 Unknown column 'l.recontact_date' in 'field list'
[2025-01-14 15:44:29] Error in get_due_recontacts.php: SQLSTATE[42S22]: Column not found: 1054 Unknown column 'l.recontact_date' in 'field list'
[2025-01-14 15:45:30] Error in get_due_recontacts.php: SQLSTATE[42S22]: Column not found: 1054 Unknown column 'l.recontact_date' in 'field list'
[2025-01-14 15:46:31] Error in get_due_recontacts.php: SQLSTATE[42S22]: Column not found: 1054 Unknown column 'l.recontact_date' in 'field list'
[2025-01-14 15:47:32] Error in get_due_recontacts.php: SQLSTATE[42S22]: Column not found: 1054 Unknown column 'l.recontact_date' in 'field list'
[2025-01-14 15:48:33] Error in get_due_recontacts.php: SQLSTATE[42S22]: Column not found: 1054 Unknown column 'l.recontact_date' in 'field list'
[2025-01-14 15:49:34] Error in get_due_recontacts.php: SQLSTATE[42S22]: Column not found: 1054 Unknown column 'l.recontact_date' in 'field list'
[2025-01-14 15:50:35] Error in get_due_recontacts.php: SQLSTATE[42S22]: Column not found: 1054 Unknown column 'l.recontact_date' in 'field list'
[2025-01-14 15:51:36] Error in get_due_recontacts.php: SQLSTATE[42S22]: Column not found: 1054 Unknown column 'l.recontact_date' in 'field list'
[2025-01-14 15:52:37] Error in get_due_recontacts.php: SQLSTATE[42S22]: Column not found: 1054 Unknown column 'l.recontact_date' in 'field list'
[2025-01-14 15:53:38] Error in get_due_recontacts.php: SQLSTATE[42S22]: Column not found: 1054 Unknown column 'l.recontact_date' in 'field list'
[2025-01-14 15:54:39] Error in get_due_recontacts.php: SQLSTATE[42S22]: Column not found: 1054 Unknown column 'l.recontact_date' in 'field list'
[2025-01-14 15:55:40] Error in get_due_recontacts.php: SQLSTATE[42S22]: Column not found: 1054 Unknown column 'l.recontact_date' in 'field list'
[2025-01-14 15:56:41] Error in get_due_recontacts.php: SQLSTATE[42S22]: Column not found: 1054 Unknown column 'l.recontact_date' in 'field list'
[2025-01-14 15:57:42] Error in get_due_recontacts.php: SQLSTATE[42S22]: Column not found: 1054 Unknown column 'l.recontact_date' in 'field list'
[2025-01-14 15:58:43] Error in get_due_recontacts.php: SQLSTATE[42S22]: Column not found: 1054 Unknown column 'l.recontact_date' in 'field list'
[2025-01-14 15:59:44] Error in get_due_recontacts.php: SQLSTATE[42S22]: Column not found: 1054 Unknown column 'l.recontact_date' in 'field list'
[2025-01-14 16:00:45] Error in get_due_recontacts.php: SQLSTATE[42S22]: Column not found: 1054 Unknown column 'l.recontact_date' in 'field list'
[2025-01-14 16:01:46] Error in get_due_recontacts.php: SQLSTATE[42S22]: Column not found: 1054 Unknown column 'l.recontact_date' in 'field list'
[2025-01-14 16:02:47] Error in get_due_recontacts.php: SQLSTATE[42S22]: Column not found: 1054 Unknown column 'l.recontact_date' in 'field list'
[2025-01-14 16:03:48] Error in get_due_recontacts.php: SQLSTATE[42S22]: Column not found: 1054 Unknown column 'l.recontact_date' in 'field list'
[2025-01-14 16:04:49] Error in get_due_recontacts.php: SQLSTATE[42S22]: Column not found: 1054 Unknown column 'l.recontact_date' in 'field list'
[2025-01-14 16:05:50] Error in get_due_recontacts.php: SQLSTATE[42S22]: Column not found: 1054 Unknown column 'l.recontact_date' in 'field list'
[2025-01-14 16:06:51] Error in get_due_recontacts.php: SQLSTATE[42S22]: Column not found: 1054 Unknown column 'l.recontact_date' in 'field list'
[2025-01-17 12:40:56] Error in add_communication.php: SQLSTATE[23000]: Integrity constraint violation: 1062 Duplicate entry '0' for key 'PRIMARY'
[2025-01-17 12:40:59] Error in add_communication.php: SQLSTATE[23000]: Integrity constraint violation: 1062 Duplicate entry '0' for key 'PRIMARY'
[2025-01-17 12:41:03] Error in add_communication.php: SQLSTATE[23000]: Integrity constraint violation: 1062 Duplicate entry '0' for key 'PRIMARY'
[2025-01-17 12:42:47] Error en delete_file.php: ID de archivo no proporcionado
[2025-01-17 12:43:13] Error en delete_file.php: ID de archivo no proporcionado
[2025-01-17 21:48:44] Error en delete_file.php: ID de archivo no proporcionado
[2025-01-18 08:20:58] Error in add_communication.php: SQLSTATE[23000]: Integrity constraint violation: 1062 Duplicate entry '0' for key 'PRIMARY'
[2025-01-18 08:21:16] Error in add_communication.php: SQLSTATE[23000]: Integrity constraint violation: 1062 Duplicate entry '0' for key 'PRIMARY'
[2025-01-18 08:22:22] Error in add_communication.php: SQLSTATE[23000]: Integrity constraint violation: 1062 Duplicate entry '0' for key 'PRIMARY'
[2025-01-18 08:24:04] Error in add_communication.php: Faltan campos requeridos
[2025-01-18 08:24:07] Error in add_communication.php: SQLSTATE[42S22]: Column not found: 1054 Unknown column 'last_contact' in 'field list'
[2025-01-18 08:35:08] Error en delete_file.php: ID de archivo no proporcionado
[2025-01-18 08:39:09] Error en delete_file.php: ID de archivo no proporcionado
[2025-01-22 00:04:31] Error in add_communication.php: No tienes permiso para modificar este lead
[2025-01-22 00:04:36] Error in add_communication.php: No tienes permiso para modificar este lead
[2025-01-22 16:16:24] Error in update_lead_stage.php: Lead not found or access denied in /hosting/www/oneclubgroup.com/app/php/update_lead_stage.php on line 125
[2025-01-22 17:06:46] Error in update_lead_stage.php: Lead not found or access denied in /hosting/www/oneclubgroup.com/app/php/update_lead_stage.php on line 125
[2025-01-22 17:06:48] Error in update_lead_stage.php: Lead not found or access denied in /hosting/www/oneclubgroup.com/app/php/update_lead_stage.php on line 125
[2025-01-22 17:06:50] Error in update_lead_stage.php: Lead not found or access denied in /hosting/www/oneclubgroup.com/app/php/update_lead_stage.php on line 125
